<?xml version="1.0" encoding="UTF-8"?>
<!-- Generated by org.testng.reporters.JUnitXMLReporter -->
<testsuite ignored="0" hostname="DESKTOP-LFAEFDT" failures="0" tests="5" name="Test" time="116.884" errors="0" timestamp="2024-08-17T10:33:11 IST">
  <testcase classname="TestNGImplementation.copy.CreateOrganisation" name="createOrgTest" time="10.257"/>
  <testcase classname="TestNGImplementation.copy.Create_Contact" name="createContact" time="14.078"/>
  <testcase classname="TestNGImplementation.copy.Create_Lead" name="createLeadTest" time="14.721"/>
  <testcase classname="TestNGImplementation.copy.CreateEvent" name="createEventTest" time="13.233"/>
  <testcase classname="TestNGImplementation.copy.Create_industry" name="createIndustryTest" time="12.92"/>
</testsuite> <!-- Test -->
