<?xml version="1.0" encoding="UTF-8"?>
<testng-results ignored="0" total="1" passed="1" failed="0" skipped="0">
  <reporter-output>
  </reporter-output>
  <suite started-at="2024-08-19T10:42:12 IST" name="Default suite" finished-at="2024-08-19T10:42:34 IST" duration-ms="21808">
    <groups>
    </groups>
    <test started-at="2024-08-19T10:42:12 IST" name="Default test" finished-at="2024-08-19T10:42:34 IST" duration-ms="21808">
      <class name="Addtional_Scenarious.HandleanyNotifications">
        <test-method signature="handleNotification()[pri:0, instance:Addtional_Scenarious.HandleanyNotifications@72057ecf]" started-at="2024-08-19T10:42:12 IST" name="handleNotification" finished-at="2024-08-19T10:42:34 IST" duration-ms="21725" status="PASS">
          <reporter-output>
          </reporter-output>
        </test-method> <!-- handleNotification -->
      </class> <!-- Addtional_Scenarious.HandleanyNotifications -->
    </test> <!-- Default test -->
  </suite> <!-- Default suite -->
</testng-results>
